This is e-upTeX, Version 3.141592653-p4.1.1-u1.30-230214-2.6 (utf8.euc) (TeX Live 2024) (preloaded format=platex 2024.5.6)  1 NOV 2024 06:34
entering extended mode
 restricted \write18 enabled.
 file:line:error style messages enabled.
 %&-line parsing enabled.
**/Users/hirayamananakai/Desktop/hirayama/posts/seminar2024_1022/index.tex
(/Users/hirayamananakai/Desktop/hirayama/posts/seminar2024_1022/index.tex
pLaTeX2e <2023-02-14>+1, based on
LaTeX2e <2023-11-01> patch level 1
L3 programming layer <2024-04-11>
)
! Emergency stop.
<*> ...p/hirayama/posts/seminar2024_1022/index.tex
                                                   
Here is how much of TeX's memory you used:
 16 strings out of 474708
 472 string characters out of 5757383
 1918596 words of memory out of 5000000
 22544 multiletter control sequences out of 15000+600000
 561940 words of font info for 53 fonts, out of 8000000 for 9000
 929 hyphenation exceptions out of 8191
 15i,0n,23p,108b,18s stack positions out of 10000i,1000n,20000p,200000b,200000s

No pages of output.
